[12-Jul-2022 04:07:15 UTC] aqui
[12-Jul-2022 04:17:01 UTC] PHP Warning:  Array to string conversion in /Applications/MAMP/htdocs/cft/validar.php on line 26
[12-Jul-2022 04:17:01 UTC] aquiArray
[12-Jul-2022 04:18:51 UTC] Inicio Proyecto CFT
[12-Jul-2022 04:19:00 UTC] PHP Warning:  Array to string conversion in /Applications/MAMP/htdocs/cft/validar.php on line 26
[12-Jul-2022 04:19:00 UTC] aquiArray
[12-Jul-2022 04:19:41 UTC] aqui
[12-Jul-2022 04:24:03 UTC] 2
[12-Jul-2022 04:24:03 UTC] estoy aqui2
[12-Jul-2022 04:24:31 UTC] Inicio Proyecto CFT
[12-Jul-2022 04:25:20 UTC] Inicio Proyecto CFT
[12-Jul-2022 04:26:10 UTC] 1
[12-Jul-2022 04:26:10 UTC] estoy aqui1
[12-Jul-2022 04:26:46 UTC] Inicio Proyecto CFT
[12-Jul-2022 04:26:57 UTC] 1
[12-Jul-2022 04:26:57 UTC] estoy aqui1
[12-Jul-2022 04:27:00 UTC] Inicio Proyecto CFT
[12-Jul-2022 04:27:09 UTC] 2
[12-Jul-2022 04:27:09 UTC] estoy aqui2
[12-Jul-2022 04:27:12 UTC] Inicio Proyecto CFT
[12-Jul-2022 17:31:34 UTC] Inicio Proyecto CFT
[12-Jul-2022 17:31:56 UTC] 1
[12-Jul-2022 17:31:56 UTC] estoy aqui1
[12-Jul-2022 17:35:47 UTC] Inicio Proyecto CFT
[12-Jul-2022 17:35:58 UTC] 2
[12-Jul-2022 17:35:58 UTC] estoy aqui2
[12-Jul-2022 17:36:02 UTC] Inicio Proyecto CFT
[12-Jul-2022 17:36:15 UTC] 2
[12-Jul-2022 17:36:15 UTC] estoy aqui2
[12-Jul-2022 17:36:17 UTC] Inicio Proyecto CFT
[12-Jul-2022 17:42:20 UTC] 2
[12-Jul-2022 17:42:20 UTC] estoy aqui2
[12-Jul-2022 17:42:23 UTC] Inicio Proyecto CFT
[12-Jul-2022 17:42:35 UTC] 1
[12-Jul-2022 17:42:35 UTC] estoy aqui1
[12-Jul-2022 17:42:46 UTC] Inicio Proyecto CFT
[12-Jul-2022 17:42:54 UTC] 1
[12-Jul-2022 17:42:54 UTC] estoy aqui1
[12-Jul-2022 17:42:57 UTC] Inicio Proyecto CFT
[12-Jul-2022 17:43:14 UTC] 2
[12-Jul-2022 17:43:14 UTC] estoy aqui2
[12-Jul-2022 17:43:16 UTC] Inicio Proyecto CFT
[12-Jul-2022 18:10:10 UTC] Inicio Proyecto CFT
[12-Jul-2022 18:13:06 UTC] Inicio Proyecto CFT
[12-Jul-2022 18:14:07 UTC] Inicio Proyecto CFT
[12-Jul-2022 18:14:31 UTC] Inicio Proyecto CFT
[12-Jul-2022 18:14:33 UTC] Inicio Proyecto CFT
[12-Jul-2022 18:15:49 UTC] Inicio Proyecto CFT
[12-Jul-2022 18:16:03 UTC] Inicio Proyecto CFT
[12-Jul-2022 18:21:09 UTC] Inicio Proyecto CFT
[12-Jul-2022 18:21:26 UTC] Inicio Proyecto CFT
[12-Jul-2022 18:26:21 UTC] 1
[12-Jul-2022 18:26:21 UTC] estoy aqui1
[12-Jul-2022 18:26:31 UTC] Inicio Proyecto CFT
[12-Jul-2022 18:26:42 UTC] 2
[12-Jul-2022 18:26:42 UTC] estoy aqui2
[12-Jul-2022 18:26:46 UTC] Inicio Proyecto CFT
[12-Jul-2022 19:11:29 UTC] Inicio Proyecto CFT
[12-Jul-2022 19:13:06 UTC] Inicio Proyecto CFT
[12-Jul-2022 19:13:23 UTC] Inicio Proyecto CFT
[12-Jul-2022 19:13:33 UTC] Inicio Proyecto CFT
[12-Jul-2022 19:14:15 UTC] 2
[12-Jul-2022 19:14:15 UTC] estoy aqui2
[12-Jul-2022 19:14:29 UTC] Inicio Proyecto CFT
[12-Jul-2022 19:14:41 UTC] 1
[12-Jul-2022 19:14:41 UTC] estoy aqui1
[12-Jul-2022 19:16:27 UTC] Inicio Proyecto CFT
[12-Jul-2022 19:16:42 UTC] 2
[12-Jul-2022 19:16:42 UTC] estoy aqui2
[12-Jul-2022 19:16:47 UTC] Inicio Proyecto CFT
[12-Jul-2022 19:16:51 UTC] Inicio Proyecto CFT
[12-Jul-2022 19:16:54 UTC] Inicio Proyecto CFT
[12-Jul-2022 19:16:57 UTC] Inicio Proyecto CFT
[12-Jul-2022 19:17:16 UTC] 1
[12-Jul-2022 19:17:16 UTC] estoy aqui1
[12-Jul-2022 19:17:26 UTC] Inicio Proyecto CFT
[12-Jul-2022 19:30:38 UTC] 1
[12-Jul-2022 19:30:38 UTC] estoy aqui1
[12-Jul-2022 19:36:39 UTC] Inicio Proyecto CFT
[12-Jul-2022 19:36:51 UTC] 1
[12-Jul-2022 19:36:51 UTC] estoy aqui1
[12-Jul-2022 19:37:36 UTC] Inicio Proyecto CFT
[12-Jul-2022 19:37:51 UTC] Inicio Proyecto CFT
[12-Jul-2022 19:39:21 UTC] 2
[12-Jul-2022 19:39:21 UTC] estoy aqui2
[12-Jul-2022 19:39:25 UTC] Inicio Proyecto CFT
